D:\joao9\DEV\Coinelity\Coinelity.AspServer\WebApp\dist\out-tsc\e2e\src\app.po.js
D:\joao9\DEV\Coinelity\Coinelity.AspServer\WebApp\dist\out-tsc\e2e\src\app.po.js.map
D:\joao9\DEV\Coinelity\Coinelity.AspServer\WebApp\dist\out-tsc\e2e\src\app.e2e-spec.js
D:\joao9\DEV\Coinelity\Coinelity.AspServer\WebApp\dist\out-tsc\e2e\src\app.e2e-spec.js.map
D:\joao9\DEV\Coinelity\Coinelity.AspServer\WebApp\dist\out-tsc\src\app\app-routing.module.js
D:\joao9\DEV\Coinelity\Coinelity.AspServer\WebApp\dist\out-tsc\src\app\app-routing.module.js.map
D:\joao9\DEV\Coinelity\Coinelity.AspServer\WebApp\dist\out-tsc\src\app\app.component.js
D:\joao9\DEV\Coinelity\Coinelity.AspServer\WebApp\dist\out-tsc\src\app\app.component.js.map
D:\joao9\DEV\Coinelity\Coinelity.AspServer\WebApp\dist\out-tsc\src\app\components\header\header.component.js
D:\joao9\DEV\Coinelity\Coinelity.AspServer\WebApp\dist\out-tsc\src\app\components\header\header.component.js.map
D:\joao9\DEV\Coinelity\Coinelity.AspServer\WebApp\dist\out-tsc\src\app\enums\SidenavItems.js
D:\joao9\DEV\Coinelity\Coinelity.AspServer\WebApp\dist\out-tsc\src\app\enums\SidenavItems.js.map
D:\joao9\DEV\Coinelity\Coinelity.AspServer\WebApp\dist\out-tsc\src\app\components\sidenav\sidenav.component.js
D:\joao9\DEV\Coinelity\Coinelity.AspServer\WebApp\dist\out-tsc\src\app\components\sidenav\sidenav.component.js.map
D:\joao9\DEV\Coinelity\Coinelity.AspServer\WebApp\dist\out-tsc\src\app\components\sidenav\sidenav-panel\sidenav-panel.component.js
D:\joao9\DEV\Coinelity\Coinelity.AspServer\WebApp\dist\out-tsc\src\app\components\sidenav\sidenav-panel\sidenav-panel.component.js.map
D:\joao9\DEV\Coinelity\Coinelity.AspServer\WebApp\dist\out-tsc\src\app\components\sidenav\sidenav-panel\chat\chat.component.js
D:\joao9\DEV\Coinelity\Coinelity.AspServer\WebApp\dist\out-tsc\src\app\components\sidenav\sidenav-panel\chat\chat.component.js.map
D:\joao9\DEV\Coinelity\Coinelity.AspServer\WebApp\dist\out-tsc\src\app\components\sidenav\sidenav-panel\news\news.component.js
D:\joao9\DEV\Coinelity\Coinelity.AspServer\WebApp\dist\out-tsc\src\app\components\sidenav\sidenav-panel\news\news.component.js.map
D:\joao9\DEV\Coinelity\Coinelity.AspServer\WebApp\dist\out-tsc\src\app\components\pages\pages.component.js
D:\joao9\DEV\Coinelity\Coinelity.AspServer\WebApp\dist\out-tsc\src\app\components\pages\pages.component.js.map
D:\joao9\DEV\Coinelity\Coinelity.AspServer\WebApp\dist\out-tsc\src\app\components\pages\dashboard\dashboard.component.js
D:\joao9\DEV\Coinelity\Coinelity.AspServer\WebApp\dist\out-tsc\src\app\components\pages\dashboard\dashboard.component.js.map
D:\joao9\DEV\Coinelity\Coinelity.AspServer\WebApp\dist\out-tsc\src\app\components\pages\trade-room\trade-room.component.js
D:\joao9\DEV\Coinelity\Coinelity.AspServer\WebApp\dist\out-tsc\src\app\components\pages\trade-room\trade-room.component.js.map
D:\joao9\DEV\Coinelity\Coinelity.AspServer\WebApp\dist\out-tsc\src\app\components\pages\trade-room\markets\markets.component.js
D:\joao9\DEV\Coinelity\Coinelity.AspServer\WebApp\dist\out-tsc\src\app\components\pages\trade-room\markets\markets.component.js.map
D:\joao9\DEV\Coinelity\Coinelity.AspServer\WebApp\dist\out-tsc\src\app\components\pages\trade-room\trade\trade.component.js
D:\joao9\DEV\Coinelity\Coinelity.AspServer\WebApp\dist\out-tsc\src\app\components\pages\trade-room\trade\trade.component.js.map
D:\joao9\DEV\Coinelity\Coinelity.AspServer\WebApp\dist\out-tsc\src\app\components\pages\settings\settings.component.js
D:\joao9\DEV\Coinelity\Coinelity.AspServer\WebApp\dist\out-tsc\src\app\components\pages\settings\settings.component.js.map
D:\joao9\DEV\Coinelity\Coinelity.AspServer\WebApp\dist\out-tsc\src\app\components\pages\affiliate\affiliate.component.js
D:\joao9\DEV\Coinelity\Coinelity.AspServer\WebApp\dist\out-tsc\src\app\components\pages\affiliate\affiliate.component.js.map
D:\joao9\DEV\Coinelity\Coinelity.AspServer\WebApp\dist\out-tsc\src\app\app.module.js
D:\joao9\DEV\Coinelity\Coinelity.AspServer\WebApp\dist\out-tsc\src\app\app.module.js.map
D:\joao9\DEV\Coinelity\Coinelity.AspServer\WebApp\dist\out-tsc\src\environments\environment.js
D:\joao9\DEV\Coinelity\Coinelity.AspServer\WebApp\dist\out-tsc\src\environments\environment.js.map
D:\joao9\DEV\Coinelity\Coinelity.AspServer\WebApp\dist\out-tsc\src\main.js
D:\joao9\DEV\Coinelity\Coinelity.AspServer\WebApp\dist\out-tsc\src\main.js.map
D:\joao9\DEV\Coinelity\Coinelity.AspServer\WebApp\dist\out-tsc\src\polyfills.js
D:\joao9\DEV\Coinelity\Coinelity.AspServer\WebApp\dist\out-tsc\src\polyfills.js.map
D:\joao9\DEV\Coinelity\Coinelity.AspServer\WebApp\dist\out-tsc\src\test.js
D:\joao9\DEV\Coinelity\Coinelity.AspServer\WebApp\dist\out-tsc\src\test.js.map
D:\joao9\DEV\Coinelity\Coinelity.AspServer\WebApp\dist\out-tsc\src\app\app.component.spec.js
D:\joao9\DEV\Coinelity\Coinelity.AspServer\WebApp\dist\out-tsc\src\app\app.component.spec.js.map
D:\joao9\DEV\Coinelity\Coinelity.AspServer\WebApp\dist\out-tsc\src\app\constants.js
D:\joao9\DEV\Coinelity\Coinelity.AspServer\WebApp\dist\out-tsc\src\app\constants.js.map
D:\joao9\DEV\Coinelity\Coinelity.AspServer\WebApp\dist\out-tsc\src\app\components\header\header.component.spec.js
D:\joao9\DEV\Coinelity\Coinelity.AspServer\WebApp\dist\out-tsc\src\app\components\header\header.component.spec.js.map
D:\joao9\DEV\Coinelity\Coinelity.AspServer\WebApp\dist\out-tsc\src\app\components\pages\pages.component.spec.js
D:\joao9\DEV\Coinelity\Coinelity.AspServer\WebApp\dist\out-tsc\src\app\components\pages\pages.component.spec.js.map
D:\joao9\DEV\Coinelity\Coinelity.AspServer\WebApp\dist\out-tsc\src\app\components\pages\affiliate\affiliate.component.spec.js
D:\joao9\DEV\Coinelity\Coinelity.AspServer\WebApp\dist\out-tsc\src\app\components\pages\affiliate\affiliate.component.spec.js.map
D:\joao9\DEV\Coinelity\Coinelity.AspServer\WebApp\dist\out-tsc\src\app\components\pages\dashboard\dashboard.component.spec.js
D:\joao9\DEV\Coinelity\Coinelity.AspServer\WebApp\dist\out-tsc\src\app\components\pages\dashboard\dashboard.component.spec.js.map
D:\joao9\DEV\Coinelity\Coinelity.AspServer\WebApp\dist\out-tsc\src\app\components\pages\settings\settings.component.spec.js
D:\joao9\DEV\Coinelity\Coinelity.AspServer\WebApp\dist\out-tsc\src\app\components\pages\settings\settings.component.spec.js.map
D:\joao9\DEV\Coinelity\Coinelity.AspServer\WebApp\dist\out-tsc\src\app\components\pages\trade-room\trade-room.component.spec.js
D:\joao9\DEV\Coinelity\Coinelity.AspServer\WebApp\dist\out-tsc\src\app\components\pages\trade-room\trade-room.component.spec.js.map
D:\joao9\DEV\Coinelity\Coinelity.AspServer\WebApp\dist\out-tsc\src\app\components\pages\trade-room\markets\markets.component.spec.js
D:\joao9\DEV\Coinelity\Coinelity.AspServer\WebApp\dist\out-tsc\src\app\components\pages\trade-room\markets\markets.component.spec.js.map
D:\joao9\DEV\Coinelity\Coinelity.AspServer\WebApp\dist\out-tsc\src\app\components\pages\trade-room\trade\trade.component.spec.js
D:\joao9\DEV\Coinelity\Coinelity.AspServer\WebApp\dist\out-tsc\src\app\components\pages\trade-room\trade\trade.component.spec.js.map
D:\joao9\DEV\Coinelity\Coinelity.AspServer\WebApp\dist\out-tsc\src\app\components\sidenav\sidenav.component.spec.js
D:\joao9\DEV\Coinelity\Coinelity.AspServer\WebApp\dist\out-tsc\src\app\components\sidenav\sidenav.component.spec.js.map
D:\joao9\DEV\Coinelity\Coinelity.AspServer\WebApp\dist\out-tsc\src\app\components\sidenav\sidenav-panel\sidenav-panel.component.spec.js
D:\joao9\DEV\Coinelity\Coinelity.AspServer\WebApp\dist\out-tsc\src\app\components\sidenav\sidenav-panel\sidenav-panel.component.spec.js.map
D:\joao9\DEV\Coinelity\Coinelity.AspServer\WebApp\dist\out-tsc\src\app\components\sidenav\sidenav-panel\chat\chat.component.spec.js
D:\joao9\DEV\Coinelity\Coinelity.AspServer\WebApp\dist\out-tsc\src\app\components\sidenav\sidenav-panel\chat\chat.component.spec.js.map
D:\joao9\DEV\Coinelity\Coinelity.AspServer\WebApp\dist\out-tsc\src\app\components\sidenav\sidenav-panel\news\news.component.spec.js
D:\joao9\DEV\Coinelity\Coinelity.AspServer\WebApp\dist\out-tsc\src\app\components\sidenav\sidenav-panel\news\news.component.spec.js.map
D:\joao9\DEV\Coinelity\Coinelity.AspServer\WebApp\dist\out-tsc\src\environments\environment.prod.js
D:\joao9\DEV\Coinelity\Coinelity.AspServer\WebApp\dist\out-tsc\src\environments\environment.prod.js.map
